0 info it worked if it ends with ok
1 verbose cli [ 'C:\\Program Files\\nodejs\\\\node.exe',
1 verbose cli   'C:\\Program Files\\nodejs\\node_modules\\npm\\bin\\npm-cli.js',
1 verbose cli   'install' ]
2 info using npm@1.4.28
3 info using node@v0.10.32
4 verbose node symlink C:\Program Files\nodejs\\node.exe
5 warn package.json restweb@0.1.0 No repository field.
6 verbose readDependencies using package.json deps
7 verbose install where, deps [ 'E:\\rest-app',
7 verbose install   [ 'orm',
7 verbose install     'express',
7 verbose install     'sqlite',
7 verbose install     'lodash',
7 verbose install     'nodemon',
7 verbose install     'moment',
7 verbose install     'colors' ] ]
8 info preinstall restweb@0.1.0
9 verbose readDependencies using package.json deps
10 verbose cache add [ 'orm@2.1.19', null ]
11 verbose cache add name=undefined spec="orm@2.1.19" args=["orm@2.1.19",null]
12 verbose parsed url { protocol: null,
12 verbose parsed url   slashes: null,
12 verbose parsed url   auth: null,
12 verbose parsed url   host: null,
12 verbose parsed url   port: null,
12 verbose parsed url   hostname: null,
12 verbose parsed url   hash: null,
12 verbose parsed url   search: null,
12 verbose parsed url   query: null,
12 verbose parsed url   pathname: 'orm@2.1.19',
12 verbose parsed url   path: 'orm@2.1.19',
12 verbose parsed url   href: 'orm@2.1.19' }
13 verbose cache add [ 'express@3.3.*', null ]
14 verbose cache add name=undefined spec="express@3.3.*" args=["express@3.3.*",null]
15 verbose parsed url { protocol: null,
15 verbose parsed url   slashes: null,
15 verbose parsed url   auth: null,
15 verbose parsed url   host: null,
15 verbose parsed url   port: null,
15 verbose parsed url   hostname: null,
15 verbose parsed url   hash: null,
15 verbose parsed url   search: null,
15 verbose parsed url   query: null,
15 verbose parsed url   pathname: 'express@3.3.*',
15 verbose parsed url   path: 'express@3.3.*',
15 verbose parsed url   href: 'express@3.3.*' }
16 verbose cache add [ 'sqlite@3.0.4', null ]
17 verbose cache add name=undefined spec="sqlite@3.0.4" args=["sqlite@3.0.4",null]
18 verbose parsed url { protocol: null,
18 verbose parsed url   slashes: null,
18 verbose parsed url   auth: null,
18 verbose parsed url   host: null,
18 verbose parsed url   port: null,
18 verbose parsed url   hostname: null,
18 verbose parsed url   hash: null,
18 verbose parsed url   search: null,
18 verbose parsed url   query: null,
18 verbose parsed url   pathname: 'sqlite@3.0.4',
18 verbose parsed url   path: 'sqlite@3.0.4',
18 verbose parsed url   href: 'sqlite@3.0.4' }
19 verbose cache add [ 'lodash@2.3.0', null ]
20 verbose cache add name=undefined spec="lodash@2.3.0" args=["lodash@2.3.0",null]
21 verbose parsed url { protocol: null,
21 verbose parsed url   slashes: null,
21 verbose parsed url   auth: null,
21 verbose parsed url   host: null,
21 verbose parsed url   port: null,
21 verbose parsed url   hostname: null,
21 verbose parsed url   hash: null,
21 verbose parsed url   search: null,
21 verbose parsed url   query: null,
21 verbose parsed url   pathname: 'lodash@2.3.0',
21 verbose parsed url   path: 'lodash@2.3.0',
21 verbose parsed url   href: 'lodash@2.3.0' }
22 verbose cache add [ 'nodemon@0.7.10', null ]
23 verbose cache add name=undefined spec="nodemon@0.7.10" args=["nodemon@0.7.10",null]
24 verbose parsed url { protocol: null,
24 verbose parsed url   slashes: null,
24 verbose parsed url   auth: null,
24 verbose parsed url   host: null,
24 verbose parsed url   port: null,
24 verbose parsed url   hostname: null,
24 verbose parsed url   hash: null,
24 verbose parsed url   search: null,
24 verbose parsed url   query: null,
24 verbose parsed url   pathname: 'nodemon@0.7.10',
24 verbose parsed url   path: 'nodemon@0.7.10',
24 verbose parsed url   href: 'nodemon@0.7.10' }
25 verbose cache add [ 'moment@2.4.0', null ]
26 verbose cache add name=undefined spec="moment@2.4.0" args=["moment@2.4.0",null]
27 verbose parsed url { protocol: null,
27 verbose parsed url   slashes: null,
27 verbose parsed url   auth: null,
27 verbose parsed url   host: null,
27 verbose parsed url   port: null,
27 verbose parsed url   hostname: null,
27 verbose parsed url   hash: null,
27 verbose parsed url   search: null,
27 verbose parsed url   query: null,
27 verbose parsed url   pathname: 'moment@2.4.0',
27 verbose parsed url   path: 'moment@2.4.0',
27 verbose parsed url   href: 'moment@2.4.0' }
28 verbose cache add [ 'colors@0.6.2', null ]
29 verbose cache add name=undefined spec="colors@0.6.2" args=["colors@0.6.2",null]
30 verbose parsed url { protocol: null,
30 verbose parsed url   slashes: null,
30 verbose parsed url   auth: null,
30 verbose parsed url   host: null,
30 verbose parsed url   port: null,
30 verbose parsed url   hostname: null,
30 verbose parsed url   hash: null,
30 verbose parsed url   search: null,
30 verbose parsed url   query: null,
30 verbose parsed url   pathname: 'colors@0.6.2',
30 verbose parsed url   path: 'colors@0.6.2',
30 verbose parsed url   href: 'colors@0.6.2' }
31 verbose cache add name="orm" spec="2.1.19" args=["orm","2.1.19"]
32 verbose parsed url { protocol: null,
32 verbose parsed url   slashes: null,
32 verbose parsed url   auth: null,
32 verbose parsed url   host: null,
32 verbose parsed url   port: null,
32 verbose parsed url   hostname: null,
32 verbose parsed url   hash: null,
32 verbose parsed url   search: null,
32 verbose parsed url   query: null,
32 verbose parsed url   pathname: '2.1.19',
32 verbose parsed url   path: '2.1.19',
32 verbose parsed url   href: '2.1.19' }
33 verbose addNamed [ 'orm', '2.1.19' ]
34 verbose addNamed [ '2.1.19', '2.1.19' ]
35 verbose cache add name="express" spec="3.3.*" args=["express","3.3.*"]
36 verbose parsed url { protocol: null,
36 verbose parsed url   slashes: null,
36 verbose parsed url   auth: null,
36 verbose parsed url   host: null,
36 verbose parsed url   port: null,
36 verbose parsed url   hostname: null,
36 verbose parsed url   hash: null,
36 verbose parsed url   search: null,
36 verbose parsed url   query: null,
36 verbose parsed url   pathname: '3.3.*',
36 verbose parsed url   path: '3.3.*',
36 verbose parsed url   href: '3.3.*' }
37 verbose addNamed [ 'express', '3.3.*' ]
38 verbose addNamed [ null, '>=3.3.0-0 <3.4.0-0' ]
39 verbose cache add name="sqlite" spec="3.0.4" args=["sqlite","3.0.4"]
40 verbose parsed url { protocol: null,
40 verbose parsed url   slashes: null,
40 verbose parsed url   auth: null,
40 verbose parsed url   host: null,
40 verbose parsed url   port: null,
40 verbose parsed url   hostname: null,
40 verbose parsed url   hash: null,
40 verbose parsed url   search: null,
40 verbose parsed url   query: null,
40 verbose parsed url   pathname: '3.0.4',
40 verbose parsed url   path: '3.0.4',
40 verbose parsed url   href: '3.0.4' }
41 verbose addNamed [ 'sqlite', '3.0.4' ]
42 verbose addNamed [ '3.0.4', '3.0.4' ]
43 verbose cache add name="lodash" spec="2.3.0" args=["lodash","2.3.0"]
44 verbose parsed url { protocol: null,
44 verbose parsed url   slashes: null,
44 verbose parsed url   auth: null,
44 verbose parsed url   host: null,
44 verbose parsed url   port: null,
44 verbose parsed url   hostname: null,
44 verbose parsed url   hash: null,
44 verbose parsed url   search: null,
44 verbose parsed url   query: null,
44 verbose parsed url   pathname: '2.3.0',
44 verbose parsed url   path: '2.3.0',
44 verbose parsed url   href: '2.3.0' }
45 verbose addNamed [ 'lodash', '2.3.0' ]
46 verbose addNamed [ '2.3.0', '2.3.0' ]
47 verbose cache add name="nodemon" spec="0.7.10" args=["nodemon","0.7.10"]
48 verbose parsed url { protocol: null,
48 verbose parsed url   slashes: null,
48 verbose parsed url   auth: null,
48 verbose parsed url   host: null,
48 verbose parsed url   port: null,
48 verbose parsed url   hostname: null,
48 verbose parsed url   hash: null,
48 verbose parsed url   search: null,
48 verbose parsed url   query: null,
48 verbose parsed url   pathname: '0.7.10',
48 verbose parsed url   path: '0.7.10',
48 verbose parsed url   href: '0.7.10' }
49 verbose addNamed [ 'nodemon', '0.7.10' ]
50 verbose addNamed [ '0.7.10', '0.7.10' ]
51 verbose cache add name="moment" spec="2.4.0" args=["moment","2.4.0"]
52 verbose parsed url { protocol: null,
52 verbose parsed url   slashes: null,
52 verbose parsed url   auth: null,
52 verbose parsed url   host: null,
52 verbose parsed url   port: null,
52 verbose parsed url   hostname: null,
52 verbose parsed url   hash: null,
52 verbose parsed url   search: null,
52 verbose parsed url   query: null,
52 verbose parsed url   pathname: '2.4.0',
52 verbose parsed url   path: '2.4.0',
52 verbose parsed url   href: '2.4.0' }
53 verbose addNamed [ 'moment', '2.4.0' ]
54 verbose addNamed [ '2.4.0', '2.4.0' ]
55 verbose cache add name="colors" spec="0.6.2" args=["colors","0.6.2"]
56 verbose parsed url { protocol: null,
56 verbose parsed url   slashes: null,
56 verbose parsed url   auth: null,
56 verbose parsed url   host: null,
56 verbose parsed url   port: null,
56 verbose parsed url   hostname: null,
56 verbose parsed url   hash: null,
56 verbose parsed url   search: null,
56 verbose parsed url   query: null,
56 verbose parsed url   pathname: '0.6.2',
56 verbose parsed url   path: '0.6.2',
56 verbose parsed url   href: '0.6.2' }
57 verbose addNamed [ 'colors', '0.6.2' ]
58 verbose addNamed [ '0.6.2', '0.6.2' ]
59 silly lockFile 50b3c90a-orm-2-1-19 orm@2.1.19
60 verbose lock orm@2.1.19 C:\Documents and Settings\cisdi.CISDI1\Application Data\npm-cache\50b3c90a-orm-2-1-19.lock
61 silly lockFile 01418490-express-3-3 express@3.3.*
62 verbose lock express@3.3.* C:\Documents and Settings\cisdi.CISDI1\Application Data\npm-cache\01418490-express-3-3.lock
63 silly lockFile 1782f69c-sqlite-3-0-4 sqlite@3.0.4
64 verbose lock sqlite@3.0.4 C:\Documents and Settings\cisdi.CISDI1\Application Data\npm-cache\1782f69c-sqlite-3-0-4.lock
65 silly lockFile 29fac58c-lodash-2-3-0 lodash@2.3.0
66 verbose lock lodash@2.3.0 C:\Documents and Settings\cisdi.CISDI1\Application Data\npm-cache\29fac58c-lodash-2-3-0.lock
67 silly lockFile edfbb397-nodemon-0-7-10 nodemon@0.7.10
68 verbose lock nodemon@0.7.10 C:\Documents and Settings\cisdi.CISDI1\Application Data\npm-cache\edfbb397-nodemon-0-7-10.lock
69 silly lockFile 58c9da88-moment-2-4-0 moment@2.4.0
70 verbose lock moment@2.4.0 C:\Documents and Settings\cisdi.CISDI1\Application Data\npm-cache\58c9da88-moment-2-4-0.lock
71 silly lockFile 1ce149d5-colors-0-6-2 colors@0.6.2
72 verbose lock colors@0.6.2 C:\Documents and Settings\cisdi.CISDI1\Application Data\npm-cache\1ce149d5-colors-0-6-2.lock
73 silly addNameRange { name: 'express', range: '>=3.3.0-0 <3.4.0-0', hasData: false }
74 verbose request where is /orm
75 verbose request registry https://registry.npmjs.org/
76 verbose request id 31e20cb01498159c
77 verbose url raw /orm
78 verbose url resolving [ 'https://registry.npmjs.org/', './orm' ]
79 verbose url resolved https://registry.npmjs.org/orm
80 verbose request where is https://registry.npmjs.org/orm
81 info trying registry request attempt 1 at 23:52:51
82 verbose etag "4LCNY4GD774CHT2Z75KZOJ7PK"
83 http GET https://registry.npmjs.org/orm
84 verbose request where is /express
85 verbose request registry https://registry.npmjs.org/
86 verbose url raw /express
87 verbose url resolving [ 'https://registry.npmjs.org/', './express' ]
88 verbose url resolved https://registry.npmjs.org/express
89 verbose request where is https://registry.npmjs.org/express
90 info trying registry request attempt 1 at 23:52:51
91 verbose etag "AGC8UZJFFECCJYCMCN3ZZUKLV"
92 http GET https://registry.npmjs.org/express
93 verbose request where is /sqlite
94 verbose request registry https://registry.npmjs.org/
95 verbose url raw /sqlite
96 verbose url resolving [ 'https://registry.npmjs.org/', './sqlite' ]
97 verbose url resolved https://registry.npmjs.org/sqlite
98 verbose request where is https://registry.npmjs.org/sqlite
99 info trying registry request attempt 1 at 23:52:51
100 verbose etag "6SOUOG3G1NZUUM2F2HCP8ZV4J"
101 http GET https://registry.npmjs.org/sqlite
102 verbose request where is /lodash
103 verbose request registry https://registry.npmjs.org/
104 verbose url raw /lodash
105 verbose url resolving [ 'https://registry.npmjs.org/', './lodash' ]
106 verbose url resolved https://registry.npmjs.org/lodash
107 verbose request where is https://registry.npmjs.org/lodash
108 info trying registry request attempt 1 at 23:52:51
109 verbose etag "3DP2H7IT4FZRQM65DJ8DHHK5O"
110 http GET https://registry.npmjs.org/lodash
111 verbose request where is /nodemon
112 verbose request registry https://registry.npmjs.org/
113 verbose url raw /nodemon
114 verbose url resolving [ 'https://registry.npmjs.org/', './nodemon' ]
115 verbose url resolved https://registry.npmjs.org/nodemon
116 verbose request where is https://registry.npmjs.org/nodemon
117 info trying registry request attempt 1 at 23:52:51
118 verbose etag "1FOYFQG9FSF2PK7OTWJW6RDSW"
119 http GET https://registry.npmjs.org/nodemon
120 verbose request where is /moment
121 verbose request registry https://registry.npmjs.org/
122 verbose url raw /moment
123 verbose url resolving [ 'https://registry.npmjs.org/', './moment' ]
124 verbose url resolved https://registry.npmjs.org/moment
125 verbose request where is https://registry.npmjs.org/moment
126 info trying registry request attempt 1 at 23:52:51
127 verbose etag "DZINXGROQ78DTZIF1ERZY2MFZ"
128 http GET https://registry.npmjs.org/moment
129 verbose request where is /colors
130 verbose request registry https://registry.npmjs.org/
131 verbose url raw /colors
132 verbose url resolving [ 'https://registry.npmjs.org/', './colors' ]
133 verbose url resolved https://registry.npmjs.org/colors
134 verbose request where is https://registry.npmjs.org/colors
135 info trying registry request attempt 1 at 23:52:51
136 verbose etag "441SFET328JZEOJ1G35MS8DD5"
137 http GET https://registry.npmjs.org/colors
138 http 304 https://registry.npmjs.org/express
139 silly registry.get cb [ 304,
139 silly registry.get   { date: 'Fri, 21 Nov 2014 23:51:47 GMT',
139 silly registry.get     server: 'Apache',
139 silly registry.get     via: '1.1 varnish',
139 silly registry.get     'last-modified': 'Fri, 21 Nov 2014 23:51:47 GMT',
139 silly registry.get     'cache-control': 'max-age=60',
139 silly registry.get     etag: '"AGC8UZJFFECCJYCMCN3ZZUKLV"',
139 silly registry.get     age: '36',
139 silly registry.get     'x-served-by': 'cache-ams4133-AMS',
139 silly registry.get     'x-cache': 'HIT',
139 silly registry.get     'x-cache-hits': '1',
139 silly registry.get     'x-timer': 'S1416613907.127189,VS0,VE2',
139 silly registry.get     vary: 'Accept',
139 silly registry.get     'content-length': '0',
139 silly registry.get     'keep-alive': 'timeout=10, max=50',
139 silly registry.get     connection: 'Keep-Alive' } ]
140 verbose etag https://registry.npmjs.org/express from cache
141 http 304 https://registry.npmjs.org/lodash
142 silly registry.get cb [ 304,
142 silly registry.get   { date: 'Fri, 21 Nov 2014 23:51:47 GMT',
142 silly registry.get     server: 'Apache',
142 silly registry.get     via: '1.1 varnish',
142 silly registry.get     'last-modified': 'Fri, 21 Nov 2014 23:51:47 GMT',
142 silly registry.get     'cache-control': 'max-age=60',
142 silly registry.get     etag: '"3DP2H7IT4FZRQM65DJ8DHHK5O"',
142 silly registry.get     age: '33',
142 silly registry.get     'x-served-by': 'cache-ams4128-AMS',
142 silly registry.get     'x-cache': 'HIT',
142 silly registry.get     'x-cache-hits': '1',
142 silly registry.get     'x-timer': 'S1416613907.143999,VS0,VE0',
142 silly registry.get     vary: 'Accept',
142 silly registry.get     'content-length': '0',
142 silly registry.get     'keep-alive': 'timeout=10, max=50',
142 silly registry.get     connection: 'Keep-Alive' } ]
143 verbose etag https://registry.npmjs.org/lodash from cache
144 http 304 https://registry.npmjs.org/moment
145 silly registry.get cb [ 304,
145 silly registry.get   { date: 'Fri, 21 Nov 2014 23:51:47 GMT',
145 silly registry.get     server: 'Apache',
145 silly registry.get     via: '1.1 varnish',
145 silly registry.get     'last-modified': 'Fri, 21 Nov 2014 23:51:47 GMT',
145 silly registry.get     'cache-control': 'max-age=60',
145 silly registry.get     etag: '"DZINXGROQ78DTZIF1ERZY2MFZ"',
145 silly registry.get     age: '5',
145 silly registry.get     'x-served-by': 'cache-ams4133-AMS',
145 silly registry.get     'x-cache': 'HIT',
145 silly registry.get     'x-cache-hits': '1',
145 silly registry.get     'x-timer': 'S1416613907.157185,VS0,VE0',
145 silly registry.get     vary: 'Accept',
145 silly registry.get     'content-length': '0',
145 silly registry.get     'keep-alive': 'timeout=10, max=49',
145 silly registry.get     connection: 'Keep-Alive' } ]
146 verbose etag https://registry.npmjs.org/moment from cache
147 silly lockFile 29fac58c-lodash-2-3-0 lodash@2.3.0
148 silly lockFile 29fac58c-lodash-2-3-0 lodash@2.3.0
149 silly lockFile 58c9da88-moment-2-4-0 moment@2.4.0
150 silly lockFile 58c9da88-moment-2-4-0 moment@2.4.0
151 silly addNameRange number 2 { name: 'express', range: '>=3.3.0-0 <3.4.0-0', hasData: true }
152 silly addNameRange versions [ 'express',
152 silly addNameRange   [ '0.14.0',
152 silly addNameRange     '0.14.1',
152 silly addNameRange     '1.0.0',
152 silly addNameRange     '1.0.1',
152 silly addNameRange     '1.0.2',
152 silly addNameRange     '1.0.3',
152 silly addNameRange     '1.0.4',
152 silly addNameRange     '1.0.5',
152 silly addNameRange     '1.0.6',
152 silly addNameRange     '1.0.7',
152 silly addNameRange     '1.0.8',
152 silly addNameRange     '2.0.0',
152 silly addNameRange     '2.1.0',
152 silly addNameRange     '2.1.1',
152 silly addNameRange     '2.2.0',
152 silly addNameRange     '2.2.1',
152 silly addNameRange     '2.2.2',
152 silly addNameRange     '2.3.0',
152 silly addNameRange     '2.3.1',
152 silly addNameRange     '2.3.2',
152 silly addNameRange     '2.3.3',
152 silly addNameRange     '2.3.4',
152 silly addNameRange     '2.3.5',
152 silly addNameRange     '2.3.6',
152 silly addNameRange     '2.3.7',
152 silly addNameRange     '2.3.8',
152 silly addNameRange     '2.3.9',
152 silly addNameRange     '2.3.10',
152 silly addNameRange     '2.3.11',
152 silly addNameRange     '2.3.12',
152 silly addNameRange     '2.4.0',
152 silly addNameRange     '2.4.1',
152 silly addNameRange     '2.4.2',
152 silly addNameRange     '2.4.3',
152 silly addNameRange     '2.4.4',
152 silly addNameRange     '2.4.5',
152 silly addNameRange     '2.4.6',
152 silly addNameRange     '2.4.7',
152 silly addNameRange     '2.5.0',
152 silly addNameRange     '2.5.1',
152 silly addNameRange     '2.5.2',
152 silly addNameRange     '2.5.3',
152 silly addNameRange     '2.5.4',
152 silly addNameRange     '2.5.5',
152 silly addNameRange     '2.5.6',
152 silly addNameRange     '2.5.7',
152 silly addNameRange     '2.5.8',
152 silly addNameRange     '2.5.9',
152 silly addNameRange     '2.5.10',
152 silly addNameRange     '2.5.11',
152 silly addNameRange     '3.0.0',
152 silly addNameRange     '3.0.1',
152 silly addNameRange     '3.0.2',
152 silly addNameRange     '3.0.3',
152 silly addNameRange     '3.0.4',
152 silly addNameRange     '3.0.5',
152 silly addNameRange     '3.0.6',
152 silly addNameRange     '3.1.0',
152 silly addNameRange     '3.1.1',
152 silly addNameRange     '3.1.2',
152 silly addNameRange     '3.2.0',
152 silly addNameRange     '3.2.1',
152 silly addNameRange     '3.2.2',
152 silly addNameRange     '3.2.3',
152 silly addNameRange     '3.2.4',
152 silly addNameRange     '3.2.5',
152 silly addNameRange     '3.2.6',
152 silly addNameRange     '3.3.0',
152 silly addNameRange     '3.3.1',
152 silly addNameRange     '3.3.2',
152 silly addNameRange     '3.3.3',
152 silly addNameRange     '3.3.4',
152 silly addNameRange     '3.3.5',
152 silly addNameRange     '3.3.6',
152 silly addNameRange     '1.0.0-beta',
152 silly addNameRange     '1.0.0-beta2',
152 silly addNameRange     '1.0.0-rc',
152 silly addNameRange     '1.0.0-rc2',
152 silly addNameRange     '1.0.0-rc3',
152 silly addNameRange     '1.0.0-rc4',
152 silly addNameRange     '2.0.0-beta',
152 silly addNameRange     '2.0.0-beta2',
152 silly addNameRange     '2.0.0-beta3',
152 silly addNameRange     '2.0.0-rc',
152 silly addNameRange     '2.0.0-rc2',
152 silly addNameRange     '2.0.0-rc3',
152 silly addNameRange     '3.0.0-alpha1',
152 silly addNameRange     '3.0.0-alpha2',
152 silly addNameRange     '3.0.0-alpha3',
152 silly addNameRange     '3.0.0-alpha4',
152 silly addNameRange     '3.0.0-alpha5',
152 silly addNameRange     '3.0.0-beta1',
152 silly addNameRange     '3.0.0-beta2',
152 silly addNameRange     '3.0.0-beta3',
152 silly addNameRange     '3.0.0-beta4',
152 silly addNameRange     '3.0.0-beta6',
152 silly addNameRange     '3.0.0-beta7',
152 silly addNameRange     '3.0.0-rc1',
152 silly addNameRange     '3.0.0-rc2',
152 silly addNameRange     '3.0.0-rc3',
152 silly addNameRange     '3.0.0-rc4',
152 silly addNameRange     '3.0.0-rc5',
152 silly addNameRange     '3.3.7',
152 silly addNameRange     '3.3.8',
152 silly addNameRange     '3.4.0',
152 silly addNameRange     '3.4.1',
152 silly addNameRange     '3.4.2',
152 silly addNameRange     '3.4.3',
152 silly addNameRange     '3.4.4',
152 silly addNameRange     '3.4.5',
152 silly addNameRange     '3.4.6',
152 silly addNameRange     '3.4.7',
152 silly addNameRange     '3.4.8',
152 silly addNameRange     '4.0.0-rc1',
152 silly addNameRange     '4.0.0-rc2',
152 silly addNameRange     '3.5.0',
152 silly addNameRange     '4.0.0-rc3',
152 silly addNameRange     '4.0.0-rc4',
152 silly addNameRange     '3.5.1',
152 silly addNameRange     '4.0.0',
152 silly addNameRange     '3.5.2',
152 silly addNameRange     '4.1.0',
152 silly addNameRange     '4.1.1',
152 silly addNameRange     '3.5.3',
152 silly addNameRange     '4.1.2',
152 silly addNameRange     '3.6.0',
152 silly addNameRange     '4.2.0',
152 silly addNameRange     '3.7.0',
152 silly addNameRange     '3.8.0',
152 silly addNameRange     '4.3.0',
152 silly addNameRange     '4.3.1',
152 silly addNameRange     '3.8.1',
152 silly addNameRange     '4.3.2',
152 silly addNameRange     '3.9.0',
152 silly addNameRange     '4.4.0',
152 silly addNameRange     '4.4.1',
152 silly addNameRange     '3.10.0',
152 silly addNameRange     '3.10.1',
152 silly addNameRange     '3.10.2',
152 silly addNameRange     '3.10.3',
152 silly addNameRange     '3.10.4',
152 silly addNameRange     '4.4.2',
152 silly addNameRange     '3.10.5',
152 silly addNameRange     '4.4.3',
152 silly addNameRange     '3.11.0',
152 silly addNameRange     '4.4.4',
152 silly addNameRange     '3.12.0',
152 silly addNameRange     '3.12.1',
152 silly addNameRange     '4.4.5',
152 silly addNameRange     '3.13.0',
152 silly addNameRange     '4.5.0',
152 silly addNameRange     '4.5.1',
152 silly addNameRange     '3.14.0',
152 silly addNameRange     '4.6.0',
152 silly addNameRange     '4.6.1',
152 silly addNameRange     '3.15.0',
152 silly addNameRange     '4.7.0',
152 silly addNameRange     '3.15.1',
152 silly addNameRange     '4.7.1',
152 silly addNameRange     '3.15.2',
152 silly addNameRange     '4.7.2',
152 silly addNameRange     '4.7.3',
152 silly addNameRange     '3.15.3',
152 silly addNameRange     '4.7.4',
152 silly addNameRange     '3.16.0',
152 silly addNameRange     '4.8.0',
152 silly addNameRange     '3.16.1',
152 silly addNameRange     '4.8.1',
152 silly addNameRange     '3.16.2',
152 silly addNameRange     '4.8.2',
152 silly addNameRange     '3.16.3',
152 silly addNameRange     '3.16.4',
152 silly addNameRange     '4.8.3',
152 silly addNameRange     '3.16.5',
152 silly addNameRange     '3.16.6',
152 silly addNameRange     '4.8.4',
152 silly addNameRange     '3.16.7',
152 silly addNameRange     '4.8.5',
152 silly addNameRange     '3.16.8',
152 silly addNameRange     '4.8.6',
152 silly addNameRange     '3.16.9',
152 silly addNameRange     '4.8.7',
152 silly addNameRange     '3.16.10',
152 silly addNameRange     '4.8.8',
152 silly addNameRange     '3.17.0',
152 silly addNameRange     '3.17.1',
152 silly addNameRange     '4.9.0',
152 silly addNameRange     '3.17.2',
152 silly addNameRange     '4.9.1',
152 silly addNameRange     '4.9.2',
152 silly addNameRange     '3.17.3',
152 silly addNameRange     '4.9.3',
152 silly addNameRange     '3.17.4',
152 silly addNameRange     '4.9.4',
152 silly addNameRange     '3.17.5',
152 silly addNameRange     '4.9.5',
152 silly addNameRange     '3.17.6',
152 silly addNameRange     '3.17.7',
152 silly addNameRange     '4.9.6',
152 silly addNameRange     '4.9.7',
152 silly addNameRange     '3.17.8',
152 silly addNameRange     '4.9.8',
152 silly addNameRange     '3.18.0',
152 silly addNameRange     '3.18.1',
152 silly addNameRange     '4.10.0',
152 silly addNameRange     '3.18.2',
152 silly addNameRange     '4.10.1',
152 silly addNameRange     '5.0.0-alpha.1',
152 silly addNameRange     '3.18.3',
152 silly addNameRange     '4.10.2' ] ]
153 verbose addNamed [ 'express', '3.3.8' ]
154 verbose addNamed [ '3.3.8', '3.3.8' ]
155 silly lockFile a43a70ac-express-3-3-8 express@3.3.8
156 verbose lock express@3.3.8 C:\Documents and Settings\cisdi.CISDI1\Application Data\npm-cache\a43a70ac-express-3-3-8.lock
157 silly lockFile a43a70ac-express-3-3-8 express@3.3.8
158 silly lockFile a43a70ac-express-3-3-8 express@3.3.8
159 silly lockFile 01418490-express-3-3 express@3.3.*
160 silly lockFile 01418490-express-3-3 express@3.3.*
161 http 304 https://registry.npmjs.org/sqlite
162 silly registry.get cb [ 304,
162 silly registry.get   { date: 'Fri, 21 Nov 2014 23:51:47 GMT',
162 silly registry.get     server: 'Apache',
162 silly registry.get     via: '1.1 varnish',
162 silly registry.get     'last-modified': 'Fri, 21 Nov 2014 23:51:47 GMT',
162 silly registry.get     'cache-control': 'max-age=60',
162 silly registry.get     etag: '"6SOUOG3G1NZUUM2F2HCP8ZV4J"',
162 silly registry.get     age: '0',
162 silly registry.get     'x-served-by': 'cache-ams4129-AMS',
162 silly registry.get     'x-cache': 'MISS',
162 silly registry.get     'x-cache-hits': '0',
162 silly registry.get     'x-timer': 'S1416613907.131072,VS0,VE379',
162 silly registry.get     vary: 'Accept',
162 silly registry.get     'content-length': '0',
162 silly registry.get     'keep-alive': 'timeout=10, max=50',
162 silly registry.get     connection: 'Keep-Alive' } ]
163 verbose etag https://registry.npmjs.org/sqlite from cache
164 http 304 https://registry.npmjs.org/orm
165 silly registry.get cb [ 304,
165 silly registry.get   { date: 'Fri, 21 Nov 2014 23:51:47 GMT',
165 silly registry.get     server: 'Apache',
165 silly registry.get     via: '1.1 varnish',
165 silly registry.get     'last-modified': 'Fri, 21 Nov 2014 23:51:47 GMT',
165 silly registry.get     'cache-control': 'max-age=60',
165 silly registry.get     etag: '"4LCNY4GD774CHT2Z75KZOJ7PK"',
165 silly registry.get     age: '0',
165 silly registry.get     'x-served-by': 'cache-ams4136-AMS',
165 silly registry.get     'x-cache': 'MISS',
165 silly registry.get     'x-cache-hits': '0',
165 silly registry.get     'x-timer': 'S1416613907.137389,VS0,VE379',
165 silly registry.get     vary: 'Accept',
165 silly registry.get     'content-length': '0',
165 silly registry.get     'keep-alive': 'timeout=10, max=50',
165 silly registry.get     connection: 'Keep-Alive' } ]
166 verbose etag https://registry.npmjs.org/orm from cache
167 http 304 https://registry.npmjs.org/nodemon
168 silly registry.get cb [ 304,
168 silly registry.get   { date: 'Fri, 21 Nov 2014 23:51:47 GMT',
168 silly registry.get     server: 'Apache',
168 silly registry.get     via: '1.1 varnish',
168 silly registry.get     'last-modified': 'Fri, 21 Nov 2014 23:51:47 GMT',
168 silly registry.get     'cache-control': 'max-age=60',
168 silly registry.get     etag: '"1FOYFQG9FSF2PK7OTWJW6RDSW"',
168 silly registry.get     age: '0',
168 silly registry.get     'x-served-by': 'cache-ams4143-AMS',
168 silly registry.get     'x-cache': 'HIT',
168 silly registry.get     'x-cache-hits': '1',
168 silly registry.get     'x-timer': 'S1416613907.147627,VS0,VE375',
168 silly registry.get     vary: 'Accept',
168 silly registry.get     'content-length': '0',
168 silly registry.get     'keep-alive': 'timeout=10, max=50',
168 silly registry.get     connection: 'Keep-Alive' } ]
169 verbose etag https://registry.npmjs.org/nodemon from cache
170 http 304 https://registry.npmjs.org/colors
171 silly registry.get cb [ 304,
171 silly registry.get   { date: 'Fri, 21 Nov 2014 23:51:47 GMT',
171 silly registry.get     server: 'Apache',
171 silly registry.get     via: '1.1 varnish',
171 silly registry.get     'last-modified': 'Fri, 21 Nov 2014 23:51:47 GMT',
171 silly registry.get     'cache-control': 'max-age=60',
171 silly registry.get     etag: '"441SFET328JZEOJ1G35MS8DD5"',
171 silly registry.get     age: '0',
171 silly registry.get     'x-served-by': 'cache-ams4128-AMS',
171 silly registry.get     'x-cache': 'HIT',
171 silly registry.get     'x-cache-hits': '1',
171 silly registry.get     'x-timer': 'S1416613907.179826,VS0,VE379',
171 silly registry.get     vary: 'Accept',
171 silly registry.get     'content-length': '0',
171 silly registry.get     'keep-alive': 'timeout=10, max=49',
171 silly registry.get     connection: 'Keep-Alive' } ]
172 verbose etag https://registry.npmjs.org/colors from cache
173 silly lockFile 1782f69c-sqlite-3-0-4 sqlite@3.0.4
174 silly lockFile 1782f69c-sqlite-3-0-4 sqlite@3.0.4
175 silly lockFile edfbb397-nodemon-0-7-10 nodemon@0.7.10
176 silly lockFile edfbb397-nodemon-0-7-10 nodemon@0.7.10
177 silly lockFile 1ce149d5-colors-0-6-2 colors@0.6.2
178 silly lockFile 1ce149d5-colors-0-6-2 colors@0.6.2
179 silly lockFile 50b3c90a-orm-2-1-19 orm@2.1.19
180 silly lockFile 50b3c90a-orm-2-1-19 orm@2.1.19
181 error Error: version not found: sqlite@3.0.4
181 error     at C:\Program Files\nodejs\node_modules\npm\lib\cache\add-named.js:125:12
181 error     at saved (C:\Program Files\nodejs\node_modules\npm\node_modules\npm-registry-client\lib\get.js:167:7)
181 error     at Object.oncomplete (fs.js:107:15)
182 error If you need help, you may report this *entire* log,
182 error including the npm and node versions, at:
182 error     <http://github.com/npm/npm/issues>
183 error System Windows_NT 5.1.2600
184 error command "C:\\Program Files\\nodejs\\\\node.exe" "C:\\Program Files\\nodejs\\node_modules\\npm\\bin\\npm-cli.js" "install"
185 error cwd E:\rest-app
186 error node -v v0.10.32
187 error npm -v 1.4.28
188 verbose exit [ 1, true ]
